<?xml version="1.0" encoding="utf-8"?><testsuites name="pytest tests"><testsuite name="pytest" errors="0" failures="0" skipped="0" tests="6" time="23.326" timestamp="2026-07-02T12:11:31.435035+00:00" hostname="agent-env-e2215251-7aa4-4585-a5eb-4f54851c4b62"><testcase classname="tests.test_roadmap_perf" name="test_roadmap_response_time_under_12s[Python-2 hours/day]" time="8.546" /><testcase classname="tests.test_roadmap_perf" name="test_roadmap_response_time_under_12s[Guitar-1 hour/day]" time="7.579" /><testcase classname="tests.test_roadmap_perf" name="test_roadmap_response_time_under_12s[Public Speaking-4 hours/day Extreme]" time="6.587" /><testcase classname="tests.test_roadmap_perf" name="test_leads_invalid_phone" time="0.194" /><testcase classname="tests.test_roadmap_perf" name="test_leads_valid_phone" time="0.170" /><testcase classname="tests.test_roadmap_perf" name="test_leads_valid_phone_with_prefix" time="0.187" /></testsuite></testsuites>