<?xml version="1.0" encoding="utf-8"?><testsuites name="pytest tests"><testsuite name="pytest" errors="0" failures="0" skipped="0" tests="5" time="29.757" timestamp="2026-07-02T11:36:38.843863+00:00" hostname="agent-env-e2215251-7aa4-4585-a5eb-4f54851c4b62"><testcase classname="tests.test_roadmap" name="test_root" time="0.294" /><testcase classname="tests.test_roadmap" name="test_empty_skill_returns_400" time="0.166" /><testcase classname="tests.test_roadmap" name="test_whitespace_skill_returns_400" time="0.182" /><testcase classname="tests.test_roadmap" name="test_generate_roadmap_magic" time="15.056" /><testcase classname="tests.test_roadmap" name="test_generate_roadmap_excel" time="13.508" /></testsuite></testsuites>